<?xml version="1.0" encoding="UTF-8"?>
<!-- Generated by org.testng.reporters.JUnitReportReporter -->
<testsuite skipped="0" hostname="KARTIK-LENOVO" name="summary.RB_Summary_TC15" tests="1" failures="0" timestamp="2022-03-01T09:27:51 IST" time="20.420" errors="0">
  <testcase name="resumePdf" time="20.420" classname="summary.RB_Summary_TC15"/>
  <system-out/>
</testsuite> <!-- summary.RB_Summary_TC15 -->
