<?xml version="1.0" encoding="UTF-8"?>
<!-- Generated by org.testng.reporters.JUnitReportReporter -->
<testsuite skipped="0" hostname="KARTIK-LENOVO" name="skills.SampleTestCaseTest" tests="1" failures="0" timestamp="2022-02-28T17:19:40 IST" time="1.142" errors="0">
  <testcase name="sample" time="1.142" classname="skills.SampleTestCaseTest"/>
  <system-out/>
</testsuite> <!-- skills.SampleTestCaseTest -->
