<?xml version="1.0" encoding="UTF-8"?>
<!-- Generated by org.testng.reporters.JUnitReportReporter -->
<testsuite skipped="0" hostname="KARTIK-LENOVO" name="summary.SampleTestCaseTest" tests="1" failures="0" timestamp="2022-02-28T17:59:36 IST" time="9.254" errors="0">
  <testcase name="sample" time="9.254" classname="summary.SampleTestCaseTest"/>
  <system-out/>
</testsuite> <!-- summary.SampleTestCaseTest -->
