<?xml version="1.0" encoding="UTF-8"?>
<!-- Generated by org.testng.reporters.JUnitReportReporter -->
<testsuite skipped="0" hostname="KARTIK-LENOVO" name="summary.RB_Summary_TC15Test" tests="1" failures="0" timestamp="2022-03-02T12:52:58 IST" time="9.703" errors="0">
  <testcase name="resumePdf" time="9.703" classname="summary.RB_Summary_TC15Test"/>
  <system-out>
Profile details has been added into profile category Summary has been added into summary category Frontend Technologies has been added into skills category Backend Technologies has been added into skills category Highest Education has been added into education category Project name has been added into the project category Resume has been downloaded successfully in PDF format  </system-out>
</testsuite> <!-- summary.RB_Summary_TC15Test -->
